<?xml version="1.0" encoding="UTF-8"?>
<!-- Generated by org.testng.reporters.JUnitReportReporter -->
<testsuite hostname="DESKTOP-O2HABH3" failures="0" tests="1" name="TestNG_Package.Remo" time="0.010" errors="0" timestamp="2023-07-16T19:11:35 IST" skipped="0">
  <testcase classname="TestNG_Package.Remo" name="h" time="0.010">
    <system-out>
      <![CDATA[This is a Remo TestNG class!!,true]]>
    </system-out>
  </testcase> <!-- h -->
  <system-out>
    <![CDATA[This is a Remo TestNG class!!,true
This is a Sumo TestNG class!!,true
This is a demo TetsNG class!!]]>
  </system-out>
</testsuite> <!-- TestNG_Package.Remo -->
